<?xml version="1.0" encoding="UTF-8"?>
<testng-results skipped="0" failed="0" ignored="0" total="1" passed="1">
  <reporter-output>
  </reporter-output>
  <suite name="Default suite" duration-ms="28401" started-at="2021-09-02T11:12:33Z" finished-at="2021-09-02T11:13:02Z">
    <groups>
      <group name="cucumber">
        <method signature="AbstractTestNGCucumberTests.runScenario(io.cucumber.testng.PickleWrapper, io.cucumber.testng.FeatureWrapper)[pri:0, instance:com.runner.TestNGRunnerTest@5a8e6209]" name="runScenario" class="io.cucumber.testng.AbstractTestNGCucumberTests"/>
      </group> <!-- cucumber -->
    </groups>
    <test name="Default test" duration-ms="28401" started-at="2021-09-02T11:12:33Z" finished-at="2021-09-02T11:13:02Z">
      <class name="com.runner.TestNGRunnerTest">
        <test-method status="PASS" signature="setUpClass()[pri:0, instance:com.runner.TestNGRunnerTest@5a8e6209]" name="setUpClass" is-config="true" duration-ms="1444" started-at="2021-09-02T11:12:33Z" finished-at="2021-09-02T11:12:35Z">
          <reporter-output>
          </reporter-output>
        </test-method> <!-- setUpClass -->
        <test-method status="PASS" signature="runScenario(io.cucumber.testng.PickleWrapper, io.cucumber.testng.FeatureWrapper)[pri:0, instance:com.runner.TestNGRunnerTest@5a8e6209]" name="runScenario" duration-ms="26145" started-at="2021-09-02T11:12:35Z" description="Runs Cucumber Scenarios" data-provider="scenarios" finished-at="2021-09-02T11:13:01Z">
          <params>
            <param index="0">
              <value>
                <![CDATA["Verify topup menu"]]>
              </value>
            </param>
            <param index="1">
              <value>
                <![CDATA["Optional[Feature ID 005 : In order to verify topup menu of Demo Home page is displayed]"]]>
              </value>
            </param>
          </params>
          <reporter-output>
          </reporter-output>
        </test-method> <!-- runScenario -->
        <test-method status="PASS" signature="tearDownClass()[pri:0, instance:com.runner.TestNGRunnerTest@5a8e6209]" name="tearDownClass" is-config="true" duration-ms="790" started-at="2021-09-02T11:13:01Z" finished-at="2021-09-02T11:13:02Z">
          <reporter-output>
          </reporter-output>
        </test-method> <!-- tearDownClass -->
      </class> <!-- com.runner.TestNGRunnerTest -->
    </test> <!-- Default test -->
  </suite> <!-- Default suite -->
</testng-results>
